Using pre-set license
Built from '2020.3/staging' branch; Version is '2020.3.48f1 (b805b124c6b7) revision 12060081'; Using compiler version '192528614'; Build Type 'Release'
OS: 'Windows 11  (10.0.26100) 64bit Core' Language: 'en' Physical Memory: 32491 MB
BatchMode: 1, IsHumanControllingUs: 0, StartBugReporterOnCrash: 0, Is64bit: 1, IsPro: 0

COMMAND LINE ARGUMENTS:
C:\Program Files\Unity\Hub\Editor\2020.3.48f1\Editor\Unity.exe
-adb2
-batchMode
-noUpm
-name
AssetImportWorker0
-projectPath
C:/Users/lucie/Documents/School/Fall25/CS499/Wranglin/Final/GoL
-logFile
Logs/AssetImportWorker0.log
-srvPort
60213
Successfully changed project path to: C:/Users/lucie/Documents/School/Fall25/CS499/Wranglin/Final/GoL
C:/Users/lucie/Documents/School/Fall25/CS499/Wranglin/Final/GoL
Using Asset Import Pipeline V2.
Player connection [4432] Host "[IP] 192.168.56.1 [Port] 805523936 [Flags] 2 [Guid] 1910414398 [EditorId] 1910414398 [Version] 1048832 [Id] WindowsEditor(7,jiggy) [Debug] 1 [PackageName] WindowsEditor [ProjectName] Editor" joined multi-casting on [225.0.0.222:54997]...

Player connection [4432] Host "[IP] 192.168.56.1 [Port] 805523936 [Flags] 2 [Guid] 1910414398 [EditorId] 1910414398 [Version] 1048832 [Id] WindowsEditor(7,jiggy) [Debug] 1 [PackageName] WindowsEditor [ProjectName] Editor" joined alternative multi-casting on [225.0.0.222:34997]...

Refreshing native plugins compatible for Editor in 15.95 ms, found 2 plugins.
Preloading 0 native plugins for Editor in 0.00 ms.
Initialize engine version: 2020.3.48f1 (b805b124c6b7)
[Subsystems] Discovering subsystems at path C:/Program Files/Unity/Hub/Editor/2020.3.48f1/Editor/Data/Resources/UnitySubsystems
[Subsystems] Discovering subsystems at path C:/Users/lucie/Documents/School/Fall25/CS499/Wranglin/Final/GoL/Assets
GfxDevice: creating device client; threaded=0
Direct3D:
    Version:  Direct3D 11.0 [level 11.1]
    Renderer: NVIDIA GeForce RTX 4060 Laptop GPU (ID=0x28e0)
    Vendor:   
    VRAM:     7957 MB
    Driver:   32.0.15.6094
Initialize mono
Mono path[0] = 'C:/Program Files/Unity/Hub/Editor/2020.3.48f1/Editor/Data/Managed'
Mono path[1] = 'C:/Program Files/Unity/Hub/Editor/2020.3.48f1/Editor/Data/MonoBleedingEdge/lib/mono/unityjit'
Mono config path = 'C:/Program Files/Unity/Hub/Editor/2020.3.48f1/Editor/Data/MonoBleedingEdge/etc'
Using monoOptions --debugger-agent=transport=dt_socket,embedding=1,server=y,suspend=n,address=127.0.0.1:56980
Begin MonoManager ReloadAssembly
Registering precompiled unity dll's ...
Register platform support module: C:/Program Files/Unity/Hub/Editor/2020.3.48f1/Editor/Data/PlaybackEngines/WindowsStandaloneSupport/UnityEditor.WindowsStandalone.Extensions.dll
Registered in 0.000954 seconds.
Native extension for WindowsStandalone target not found
Refreshing native plugins compatible for Editor in 14.03 ms, found 2 plugins.
Preloading 0 native plugins for Editor in 0.00 ms.
Mono: successfully reloaded assembly
- Completed reload, in  0.315 seconds
Domain Reload Profiling:
	ReloadAssembly (315ms)
		BeginReloadAssembly (35ms)
			ExecutionOrderSort (0ms)
			DisableScriptedObjects (0ms)
			BackupInstance (0ms)
			ReleaseScriptingObjects (0ms)
			CreateAndSetChildDomain (0ms)
		EndReloadAssembly (239ms)
			LoadAssemblies (34ms)
			RebuildTransferFunctionScriptingTraits (0ms)
			SetupTypeCache (81ms)
			ReleaseScriptCaches (0ms)
			RebuildScriptCaches (16ms)
			SetupLoadedEditorAssemblies (91ms)
				LogAssemblyErrors (0ms)
				InitializePlatformSupportModulesInManaged (3ms)
				SetLoadedEditorAssemblies (0ms)
				RefreshPlugins (14ms)
				BeforeProcessingInitializeOnLoad (7ms)
				ProcessInitializeOnLoadAttributes (50ms)
				ProcessInitializeOnLoadMethodAttributes (17ms)
				AfterProcessingInitializeOnLoad (0ms)
				EditorAssembliesLoaded (0ms)
			ExecutionOrderSort2 (0ms)
			AwakeInstancesAfterBackupRestoration (0ms)
Platform modules already initialized, skipping
Registering precompiled user dll's ...
Registered in 0.001651 seconds.
Begin MonoManager ReloadAssembly
Native extension for WindowsStandalone target not found
Refreshing native plugins compatible for Editor in 0.17 ms, found 2 plugins.
Preloading 0 native plugins for Editor in 0.00 ms.
Mono: successfully reloaded assembly
- Completed reload, in  0.508 seconds
Domain Reload Profiling:
	ReloadAssembly (508ms)
		BeginReloadAssembly (78ms)
			ExecutionOrderSort (0ms)
			DisableScriptedObjects (2ms)
			BackupInstance (0ms)
			ReleaseScriptingObjects (0ms)
			CreateAndSetChildDomain (11ms)
		EndReloadAssembly (385ms)
			LoadAssemblies (54ms)
			RebuildTransferFunctionScriptingTraits (0ms)
			SetupTypeCache (132ms)
			ReleaseScriptCaches (0ms)
			RebuildScriptCaches (21ms)
			SetupLoadedEditorAssemblies (147ms)
				LogAssemblyErrors (0ms)
				InitializePlatformSupportModulesInManaged (2ms)
				SetLoadedEditorAssemblies (0ms)
				RefreshPlugins (0ms)
				BeforeProcessingInitializeOnLoad (40ms)
				ProcessInitializeOnLoadAttributes (97ms)
				ProcessInitializeOnLoadMethodAttributes (4ms)
				AfterProcessingInitializeOnLoad (3ms)
				EditorAssembliesLoaded (0ms)
			ExecutionOrderSort2 (0ms)
			AwakeInstancesAfterBackupRestoration (1ms)
Platform modules already initialized, skipping
========================================================================
Worker process is ready to serve import requests
Launched and connected shader compiler UnityShaderCompiler.exe after 0.03 seconds
Refreshing native plugins compatible for Editor in 0.17 ms, found 2 plugins.
Preloading 0 native plugins for Editor in 0.00 ms.
Unloading 1321 Unused Serialized files (Serialized files now loaded: 0)
System memory in use before: 63.4 MB.
System memory in use after: 63.5 MB.

Unloading 16 unused Assets to reduce memory usage. Loaded Objects now: 1758.
Total: 1.395700 ms (FindLiveObjects: 0.058100 ms CreateObjectMapping: 0.016200 ms MarkObjects: 1.286700 ms  DeleteObjects: 0.034400 ms)

AssetImportParameters requested are different than current active one (requested -> active):
  custom:framework-win-MediaFoundation: 216162199b28c13a410421893ffa2e32 -> 
  custom:video-decoder-ogg-theora: a1e56fd34408186e4bbccfd4996cb3dc -> 
  custom:container-muxer-webm: aa71ff27fc2769a1b78a27578f13a17b -> 
  custom:container-demuxer-webm: 4f35f7cbe854078d1ac9338744f61a02 -> 
  custom:container-demuxer-ogg: 62fdf1f143b41e24485cea50d1cbac27 -> 
  custom:video-encoder-webm-vp8: eb34c28f22e8b96e1ab97ce403110664 -> 
  custom:video-codec-MediaFoundation-h265: 746d11721c4dcdbdad8f713fa42b33f4 -> 
  custom:video-decoder-webm-vp8: 9c59270c3fd7afecdb556c50c9e8de78 -> 
  custom:audio-decoder-ogg-vorbis: bf7c407c2cedff20999df2af8eb42d56 -> 
  custom:audio-encoder-webm-vorbis: bf7c407c2cedff20999df2af8eb42d56 -> 
========================================================================
Received Import Request.
  path: Assets/Mystical-Landscape-Game-Background-by-Gaming-Backgrounds-Art-Outsourcing.jpg
  artifactKey: Guid(5d1c9fb966ba97441b115de0e953feac) Importer(815301076,1909f56bfc062723c751e8b465ee728b)
Start importing Assets/Mystical-Landscape-Game-Background-by-Gaming-Backgrounds-Art-Outsourcing.jpg using Guid(5d1c9fb966ba97441b115de0e953feac) Importer(815301076,1909f56bfc062723c751e8b465ee728b)  -> (artifact id: 'db69dd2fdaacb275ccec942e7036f891') in 0.104172 seconds 
========================================================================
Received Import Request.
  Time since last request: 0.000404 seconds.
  path: Assets/old-black-background-grunge-texture-dark-wallpaper-blackboard-chalkboard-room-wall-free-photo.jpg
  artifactKey: Guid(9314667776a6ec945abe56dfe06d8f96) Importer(815301076,1909f56bfc062723c751e8b465ee728b)
Start importing Assets/old-black-background-grunge-texture-dark-wallpaper-blackboard-chalkboard-room-wall-free-photo.jpg using Guid(9314667776a6ec945abe56dfe06d8f96) Importer(815301076,1909f56bfc062723c751e8b465ee728b)  -> (artifact id: 'f8180b78d1673b50e36370eca4f79bad') in 0.034401 seconds 
========================================================================
Received Import Request.
  Time since last request: 16.224938 seconds.
  path: Assets/TextMesh Pro
  artifactKey: Guid(f54d1bd14bd3ca042bd867b519fee8cc) Importer(815301076,1909f56bfc062723c751e8b465ee728b)
Start importing Assets/TextMesh Pro using Guid(f54d1bd14bd3ca042bd867b519fee8cc) Importer(815301076,1909f56bfc062723c751e8b465ee728b)  -> (artifact id: '16b4cbde9565bf190136f1148817e1ea') in 0.005716 seconds 
========================================================================
Received Import Request.
  Time since last request: 5.490600 seconds.
  path: Assets/Scenes 1
  artifactKey: Guid(54e65d15ce52a674380295cb3a7342a5) Importer(815301076,1909f56bfc062723c751e8b465ee728b)
Start importing Assets/Scenes 1 using Guid(54e65d15ce52a674380295cb3a7342a5) Importer(815301076,1909f56bfc062723c751e8b465ee728b)  -> (artifact id: 'fe95406ece998de778786799d9586a53') in 0.029216 seconds 
========================================================================
Received Import Request.
  Time since last request: 2847.998169 seconds.
  path: Assets/Scenes
  artifactKey: Guid(45d7f79e3cd526c4783799c0ead5fd1b) Importer(815301076,1909f56bfc062723c751e8b465ee728b)
Start importing Assets/Scenes using Guid(45d7f79e3cd526c4783799c0ead5fd1b) Importer(815301076,1909f56bfc062723c751e8b465ee728b)  -> (artifact id: 'e8103d0cdc9417c6c6cc3808969b5c05') in 0.031521 seconds 
========================================================================
Received Import Request.
  Time since last request: 2.879000 seconds.
  path: Assets/level 1.unity
  artifactKey: Guid(ef61b095cc4923945967f722a1defaf9) Importer(815301076,1909f56bfc062723c751e8b465ee728b)
Start importing Assets/level 1.unity using Guid(ef61b095cc4923945967f722a1defaf9) Importer(815301076,1909f56bfc062723c751e8b465ee728b)  -> (artifact id: 'f820d3d644213ec0ac61f07323a67e25') in 0.028599 seconds 
========================================================================
Received Import Request.
  Time since last request: 2.398276 seconds.
  path: Assets/Scenes/Level 1.unity
  artifactKey: Guid(d6b1e04032cef7a4abbb8a8f9b2680a6) Importer(815301076,1909f56bfc062723c751e8b465ee728b)
Start importing Assets/Scenes/Level 1.unity using Guid(d6b1e04032cef7a4abbb8a8f9b2680a6) Importer(815301076,1909f56bfc062723c751e8b465ee728b)  -> (artifact id: '8aa42b3a33761c569ae516f6b696ea95') in 0.028037 seconds 
========================================================================
Received Import Request.
  Time since last request: 4.152350 seconds.
  path: Assets/level 4.unity
  artifactKey: Guid(c74f5a50074c86849a69def48531b6c1) Importer(815301076,1909f56bfc062723c751e8b465ee728b)
Start importing Assets/level 4.unity using Guid(c74f5a50074c86849a69def48531b6c1) Importer(815301076,1909f56bfc062723c751e8b465ee728b)  -> (artifact id: 'a5ef24e074e94059dd1deadafae445e6') in 0.025772 seconds 
========================================================================
Received Import Request.
  Time since last request: 6.508683 seconds.
  path: Assets/MainMenuUpdated.unity
  artifactKey: Guid(2a38642a051ce50448c9434914ddf3e6) Importer(815301076,1909f56bfc062723c751e8b465ee728b)
Start importing Assets/MainMenuUpdated.unity using Guid(2a38642a051ce50448c9434914ddf3e6) Importer(815301076,1909f56bfc062723c751e8b465ee728b)  -> (artifact id: '8024ee9d4e9b8bfaa7fd8836c4c65912') in 0.030846 seconds 
========================================================================
Received Import Request.
  Time since last request: 7.183939 seconds.
  path: Assets/MainScreenInputs.unity
  artifactKey: Guid(2d6c3ff017c32da4ca2cb8efc3a642d1) Importer(815301076,1909f56bfc062723c751e8b465ee728b)
Start importing Assets/MainScreenInputs.unity using Guid(2d6c3ff017c32da4ca2cb8efc3a642d1) Importer(815301076,1909f56bfc062723c751e8b465ee728b)  -> (artifact id: 'ece1273ebf99295c1f5d0a930693fa85') in 0.026768 seconds 
========================================================================
Received Import Request.
  Time since last request: 5.238906 seconds.
  path: Assets/LevelMenu.cs
  artifactKey: Guid(5a0cc4502bd552441b2358613508564c) Importer(815301076,1909f56bfc062723c751e8b465ee728b)
Start importing Assets/LevelMenu.cs using Guid(5a0cc4502bd552441b2358613508564c) Importer(815301076,1909f56bfc062723c751e8b465ee728b)  -> (artifact id: '66e42a31a7a01e87279a040bb3fb88e2') in 0.025589 seconds 
========================================================================
Received Import Request.
  Time since last request: 7.196403 seconds.
  path: Assets/MapDataHolder.cs
  artifactKey: Guid(1e50da0470d70394e9598c42b6f0f959) Importer(815301076,1909f56bfc062723c751e8b465ee728b)
Start importing Assets/MapDataHolder.cs using Guid(1e50da0470d70394e9598c42b6f0f959) Importer(815301076,1909f56bfc062723c751e8b465ee728b)  -> (artifact id: '9490a1a10008ae019d9fb484492ae98e') in 0.031352 seconds 
========================================================================
Received Import Request.
  Time since last request: 6.473650 seconds.
  path: Assets/MapUploadManager.cs
  artifactKey: Guid(2499affcd81e54e4ab91911de8f8c799) Importer(815301076,1909f56bfc062723c751e8b465ee728b)
Start importing Assets/MapUploadManager.cs using Guid(2499affcd81e54e4ab91911de8f8c799) Importer(815301076,1909f56bfc062723c751e8b465ee728b)  -> (artifact id: 'a5b0bdaa165e8bbb90c5518696544ff8') in 0.028751 seconds 
========================================================================
Received Import Request.
  Time since last request: 49.751965 seconds.
  path: Assets/Scenes/SampleScene.unity
  artifactKey: Guid(9fc0d4010bbf28b4594072e72b8655ab) Importer(815301076,1909f56bfc062723c751e8b465ee728b)
Start importing Assets/Scenes/SampleScene.unity using Guid(9fc0d4010bbf28b4594072e72b8655ab) Importer(815301076,1909f56bfc062723c751e8b465ee728b)  -> (artifact id: '94c55409359c0051422e58de30b0573d') in 0.033484 seconds 
========================================================================
Received Import Request.
  Time since last request: 0.806724 seconds.
  path: Assets/Scenes/MainMenu.unity
  artifactKey: Guid(d0f1cc6710a93114584dc05e6ccde831) Importer(815301076,1909f56bfc062723c751e8b465ee728b)
Start importing Assets/Scenes/MainMenu.unity using Guid(d0f1cc6710a93114584dc05e6ccde831) Importer(815301076,1909f56bfc062723c751e8b465ee728b)  -> (artifact id: '80b6b97c85dbb3dca9737530fb87f8c5') in 0.027158 seconds 
========================================================================
Received Import Request.
  Time since last request: 8.822056 seconds.
  path: Assets/Scenes/Level 4.unity
  artifactKey: Guid(1bcf7ed3b821b5442b754fbad6fa0868) Importer(815301076,1909f56bfc062723c751e8b465ee728b)
Start importing Assets/Scenes/Level 4.unity using Guid(1bcf7ed3b821b5442b754fbad6fa0868) Importer(815301076,1909f56bfc062723c751e8b465ee728b)  -> (artifact id: '288aba40e6c5f267fdee15fd69211a90') in 0.028918 seconds 
========================================================================
Received Import Request.
  Time since last request: 1.484139 seconds.
  path: Assets/Scenes/Level 3.unity
  artifactKey: Guid(10ab8591d93083344b15f36e7fc5330c) Importer(815301076,1909f56bfc062723c751e8b465ee728b)
Start importing Assets/Scenes/Level 3.unity using Guid(10ab8591d93083344b15f36e7fc5330c) Importer(815301076,1909f56bfc062723c751e8b465ee728b)  -> (artifact id: '1a201daf9a145d9cd21ba907ef85d5f1') in 0.030929 seconds 
========================================================================
Received Import Request.
  Time since last request: 58.321022 seconds.
  path: Assets/Scripts/ScriptableObjects
  artifactKey: Guid(b366e7b9d06ffa54d83507fa6769461a) Importer(815301076,1909f56bfc062723c751e8b465ee728b)
Start importing Assets/Scripts/ScriptableObjects using Guid(b366e7b9d06ffa54d83507fa6769461a) Importer(815301076,1909f56bfc062723c751e8b465ee728b)  -> (artifact id: '14023360b824223e3667e13ceab9fb6f') in 0.025278 seconds 
========================================================================
Received Import Request.
  Time since last request: 0.947551 seconds.
  path: Assets/Scripts/ScriptableObjects/PredatorSpecies.cs
  artifactKey: Guid(8291d286377224447a5ccdacf29e5059) Importer(815301076,1909f56bfc062723c751e8b465ee728b)
Start importing Assets/Scripts/ScriptableObjects/PredatorSpecies.cs using Guid(8291d286377224447a5ccdacf29e5059) Importer(815301076,1909f56bfc062723c751e8b465ee728b)  -> (artifact id: 'b83039dc78a0d698bec3b86ec185f9d4') in 0.027436 seconds 
========================================================================
Received Import Request.
  Time since last request: 13.134445 seconds.
  path: Assets/Plugins
  artifactKey: Guid(7b872478284f85b4f9076b582ef323f7) Importer(815301076,1909f56bfc062723c751e8b465ee728b)
Start importing Assets/Plugins using Guid(7b872478284f85b4f9076b582ef323f7) Importer(815301076,1909f56bfc062723c751e8b465ee728b)  -> (artifact id: '1505de5f0ac664cdb88bff786c675d17') in 0.024766 seconds 
========================================================================
Received Import Request.
  Time since last request: 6.801552 seconds.
  path: Assets/TextMesh Pro 1/Documentation
  artifactKey: Guid(8e7e8f5a82a3a134e91c54efd2274ea9) Importer(815301076,1909f56bfc062723c751e8b465ee728b)
Start importing Assets/TextMesh Pro 1/Documentation using Guid(8e7e8f5a82a3a134e91c54efd2274ea9) Importer(815301076,1909f56bfc062723c751e8b465ee728b)  -> (artifact id: '7f5aa99e36510f23d626084d8be9669f') in 0.041666 seconds 
========================================================================
Received Prepare
Registering precompiled user dll's ...
Registered in 0.001340 seconds.
Begin MonoManager ReloadAssembly
Native extension for WindowsStandalone target not found
Refreshing native plugins compatible for Editor in 0.19 ms, found 2 plugins.
Preloading 0 native plugins for Editor in 0.00 ms.
Mono: successfully reloaded assembly
- Completed reload, in  0.514 seconds
Domain Reload Profiling:
	ReloadAssembly (514ms)
		BeginReloadAssembly (65ms)
			ExecutionOrderSort (0ms)
			DisableScriptedObjects (2ms)
			BackupInstance (0ms)
			ReleaseScriptingObjects (0ms)
			CreateAndSetChildDomain (17ms)
		EndReloadAssembly (415ms)
			LoadAssemblies (50ms)
			RebuildTransferFunctionScriptingTraits (0ms)
			SetupTypeCache (137ms)
			ReleaseScriptCaches (0ms)
			RebuildScriptCaches (18ms)
			SetupLoadedEditorAssemblies (172ms)
				LogAssemblyErrors (0ms)
				InitializePlatformSupportModulesInManaged (3ms)
				SetLoadedEditorAssemblies (0ms)
				RefreshPlugins (0ms)
				BeforeProcessingInitializeOnLoad (43ms)
				ProcessInitializeOnLoadAttributes (113ms)
				ProcessInitializeOnLoadMethodAttributes (8ms)
				AfterProcessingInitializeOnLoad (5ms)
				EditorAssembliesLoaded (0ms)
			ExecutionOrderSort2 (0ms)
			AwakeInstancesAfterBackupRestoration (2ms)
Platform modules already initialized, skipping
Refreshing native plugins compatible for Editor in 0.19 ms, found 2 plugins.
Preloading 0 native plugins for Editor in 0.00 ms.
Unloading 1312 Unused Serialized files (Serialized files now loaded: 0)
System memory in use before: 66.3 MB.
System memory in use after: 66.4 MB.

Unloading 14 unused Assets to reduce memory usage. Loaded Objects now: 1767.
Total: 2.337200 ms (FindLiveObjects: 0.097200 ms CreateObjectMapping: 0.026500 ms MarkObjects: 2.194300 ms  DeleteObjects: 0.018500 ms)

AssetImportParameters requested are different than current active one (requested -> active):
  custom:framework-win-MediaFoundation: 216162199b28c13a410421893ffa2e32 -> 
  custom:video-decoder-ogg-theora: a1e56fd34408186e4bbccfd4996cb3dc -> 
  custom:container-muxer-webm: aa71ff27fc2769a1b78a27578f13a17b -> 
  custom:container-demuxer-webm: 4f35f7cbe854078d1ac9338744f61a02 -> 
  custom:container-demuxer-ogg: 62fdf1f143b41e24485cea50d1cbac27 -> 
  custom:video-encoder-webm-vp8: eb34c28f22e8b96e1ab97ce403110664 -> 
  custom:video-codec-MediaFoundation-h265: 746d11721c4dcdbdad8f713fa42b33f4 -> 
  custom:video-decoder-webm-vp8: 9c59270c3fd7afecdb556c50c9e8de78 -> 
  custom:audio-decoder-ogg-vorbis: bf7c407c2cedff20999df2af8eb42d56 -> 
  custom:audio-encoder-webm-vorbis: bf7c407c2cedff20999df2af8eb42d56 -> 
========================================================================
Received Prepare
Registering precompiled user dll's ...
Registered in 0.001343 seconds.
Begin MonoManager ReloadAssembly
Native extension for WindowsStandalone target not found
Refreshing native plugins compatible for Editor in 0.17 ms, found 2 plugins.
Preloading 0 native plugins for Editor in 0.00 ms.
Mono: successfully reloaded assembly
- Completed reload, in  0.481 seconds
Domain Reload Profiling:
	ReloadAssembly (481ms)
		BeginReloadAssembly (62ms)
			ExecutionOrderSort (0ms)
			DisableScriptedObjects (2ms)
			BackupInstance (0ms)
			ReleaseScriptingObjects (0ms)
			CreateAndSetChildDomain (15ms)
		EndReloadAssembly (386ms)
			LoadAssemblies (50ms)
			RebuildTransferFunctionScriptingTraits (0ms)
			SetupTypeCache (133ms)
			ReleaseScriptCaches (0ms)
			RebuildScriptCaches (20ms)
			SetupLoadedEditorAssemblies (149ms)
				LogAssemblyErrors (0ms)
				InitializePlatformSupportModulesInManaged (2ms)
				SetLoadedEditorAssemblies (0ms)
				RefreshPlugins (0ms)
				BeforeProcessingInitializeOnLoad (41ms)
				ProcessInitializeOnLoadAttributes (99ms)
				ProcessInitializeOnLoadMethodAttributes (4ms)
				AfterProcessingInitializeOnLoad (3ms)
				EditorAssembliesLoaded (0ms)
			ExecutionOrderSort2 (0ms)
			AwakeInstancesAfterBackupRestoration (1ms)
Platform modules already initialized, skipping
Refreshing native plugins compatible for Editor in 0.16 ms, found 2 plugins.
Preloading 0 native plugins for Editor in 0.00 ms.
Unloading 1328 Unused Serialized files (Serialized files now loaded: 0)
System memory in use before: 68.6 MB.
System memory in use after: 68.0 MB.

Unloading 24 unused Assets to reduce memory usage. Loaded Objects now: 1773.
Total: 1.555300 ms (FindLiveObjects: 0.064400 ms CreateObjectMapping: 0.018500 ms MarkObjects: 1.316200 ms  DeleteObjects: 0.155300 ms)

AssetImportParameters requested are different than current active one (requested -> active):
  custom:framework-win-MediaFoundation: 216162199b28c13a410421893ffa2e32 -> 
  custom:video-decoder-ogg-theora: a1e56fd34408186e4bbccfd4996cb3dc -> 
  custom:container-muxer-webm: aa71ff27fc2769a1b78a27578f13a17b -> 
  custom:container-demuxer-webm: 4f35f7cbe854078d1ac9338744f61a02 -> 
  custom:container-demuxer-ogg: 62fdf1f143b41e24485cea50d1cbac27 -> 
  custom:video-encoder-webm-vp8: eb34c28f22e8b96e1ab97ce403110664 -> 
  custom:video-codec-MediaFoundation-h265: 746d11721c4dcdbdad8f713fa42b33f4 -> 
  custom:video-decoder-webm-vp8: 9c59270c3fd7afecdb556c50c9e8de78 -> 
  custom:audio-decoder-ogg-vorbis: bf7c407c2cedff20999df2af8eb42d56 -> 
  custom:audio-encoder-webm-vorbis: bf7c407c2cedff20999df2af8eb42d56 -> 
========================================================================
Received Import Request.
  Time since last request: 104.560370 seconds.
  path: Assets/Scenes
  artifactKey: Guid(54e65d15ce52a674380295cb3a7342a5) Importer(815301076,1909f56bfc062723c751e8b465ee728b)
Start importing Assets/Scenes using Guid(54e65d15ce52a674380295cb3a7342a5) Importer(815301076,1909f56bfc062723c751e8b465ee728b)  -> (artifact id: '1060c9d82e1b67ce69b606eda7f03d89') in 0.013720 seconds 
========================================================================
Received Import Request.
  Time since last request: 71.647663 seconds.
  path: Assets/TextMesh Pro/Resources/Fonts & Materials/LiberationSans SDF.asset
  artifactKey: Guid(8f586378b4e144a9851e7b34d9b748ee) Importer(815301076,1909f56bfc062723c751e8b465ee728b)
Start importing Assets/TextMesh Pro/Resources/Fonts & Materials/LiberationSans SDF.asset using Guid(8f586378b4e144a9851e7b34d9b748ee) Importer(815301076,1909f56bfc062723c751e8b465ee728b)  -> (artifact id: 'd292dea7f963b76df4f99b22dd4c46bf') in 0.111092 seconds 
========================================================================
Received Import Request.
  Time since last request: 0.000133 seconds.
  path: Assets/TextMesh Pro/Resources/Fonts & Materials/LiberationSans SDF - Fallback.asset
  artifactKey: Guid(2e498d1c8094910479dc3e1b768306a4) Importer(815301076,1909f56bfc062723c751e8b465ee728b)
Start importing Assets/TextMesh Pro/Resources/Fonts & Materials/LiberationSans SDF - Fallback.asset using Guid(2e498d1c8094910479dc3e1b768306a4) Importer(815301076,1909f56bfc062723c751e8b465ee728b)  -> (artifact id: '62823e377aef034450ea69866e138e49') in 0.035391 seconds 
========================================================================
Received Import Request.
  Time since last request: 34.842429 seconds.
  path: Assets/TextMesh Pro/Resources/Fonts & Materials/LiberationSans SDF - Drop Shadow.mat
  artifactKey: Guid(e73a58f6e2794ae7b1b7e50b7fb811b0) Importer(815301076,1909f56bfc062723c751e8b465ee728b)
Start importing Assets/TextMesh Pro/Resources/Fonts & Materials/LiberationSans SDF - Drop Shadow.mat using Guid(e73a58f6e2794ae7b1b7e50b7fb811b0) Importer(815301076,1909f56bfc062723c751e8b465ee728b)  -> (artifact id: '9239dd92c294602aa02609d564e7149e') in 0.046976 seconds 
========================================================================
Received Import Request.
  Time since last request: 0.000344 seconds.
  path: Assets/TextMesh Pro/Resources/Fonts & Materials/LiberationSans SDF - Outline.mat
  artifactKey: Guid(79459efec17a4d00a321bdcc27bbc385) Importer(815301076,1909f56bfc062723c751e8b465ee728b)
Start importing Assets/TextMesh Pro/Resources/Fonts & Materials/LiberationSans SDF - Outline.mat using Guid(79459efec17a4d00a321bdcc27bbc385) Importer(815301076,1909f56bfc062723c751e8b465ee728b)  -> (artifact id: '7d94bf1189757431c75a2cd35450fd26') in 0.067238 seconds 
========================================================================
Received Import Request.
  Time since last request: 20.439663 seconds.
  path: Assets/Scripts
  artifactKey: Guid(512427ab05a39b64e8111fd7cf506a45) Importer(815301076,1909f56bfc062723c751e8b465ee728b)
Start importing Assets/Scripts using Guid(512427ab05a39b64e8111fd7cf506a45) Importer(815301076,1909f56bfc062723c751e8b465ee728b)  -> (artifact id: 'f875b9037a11902ebe09feecd866e27a') in 0.022334 seconds 
========================================================================
Received Import Request.
  Time since last request: 16.264362 seconds.
  path: Assets/Scripts/StateMachine
  artifactKey: Guid(e1ea44561db965e47aee0f6a1e35a5fa) Importer(815301076,1909f56bfc062723c751e8b465ee728b)
Start importing Assets/Scripts/StateMachine using Guid(e1ea44561db965e47aee0f6a1e35a5fa) Importer(815301076,1909f56bfc062723c751e8b465ee728b)  -> (artifact id: '45bc448474474dbe24718a19cde54749') in 0.038010 seconds 
========================================================================
Received Import Request.
  Time since last request: 9.536821 seconds.
  path: Assets/Scripts/StateMachine/AnimalFindFood.cs
  artifactKey: Guid(c4206707608c23a47a7ce2e955e1155c) Importer(815301076,1909f56bfc062723c751e8b465ee728b)
Start importing Assets/Scripts/StateMachine/AnimalFindFood.cs using Guid(c4206707608c23a47a7ce2e955e1155c) Importer(815301076,1909f56bfc062723c751e8b465ee728b)  -> (artifact id: '08598a829888cd67c4312b74402a1c4f') in 0.022780 seconds 
========================================================================
Received Import Request.
  Time since last request: 1.400180 seconds.
  path: Assets/Scripts/StateMachine/AnimalFindMate.cs
  artifactKey: Guid(ae4477dcae81e524fb479b5bf942f9ed) Importer(815301076,1909f56bfc062723c751e8b465ee728b)
Start importing Assets/Scripts/StateMachine/AnimalFindMate.cs using Guid(ae4477dcae81e524fb479b5bf942f9ed) Importer(815301076,1909f56bfc062723c751e8b465ee728b)  -> (artifact id: '92ed3324b2833a49cc4993fda1fe880b') in 0.029364 seconds 
========================================================================
Received Import Request.
  Time since last request: 1.189101 seconds.
  path: Assets/Scripts/StateMachine/AnimalFindWater.cs
  artifactKey: Guid(9613197ebc619b94cb005179db85e973) Importer(815301076,1909f56bfc062723c751e8b465ee728b)
Start importing Assets/Scripts/StateMachine/AnimalFindWater.cs using Guid(9613197ebc619b94cb005179db85e973) Importer(815301076,1909f56bfc062723c751e8b465ee728b)  -> (artifact id: '821c929715b4afb507d00a0f3e3c2920') in 0.035630 seconds 
========================================================================
Received Import Request.
  Time since last request: 86.664316 seconds.
  path: Assets/Scripts/StateMachine/AnimalFindMate.cs
  artifactKey: Guid(ae4477dcae81e524fb479b5bf942f9ed) Importer(815301076,1909f56bfc062723c751e8b465ee728b)
Start importing Assets/Scripts/StateMachine/AnimalFindMate.cs using Guid(ae4477dcae81e524fb479b5bf942f9ed) Importer(815301076,1909f56bfc062723c751e8b465ee728b)  -> (artifact id: '70db515c98dc64de94281598af4a4f7a') in 0.017124 seconds 
AssetImportWorkerClient::OnTransportError - code=2 error=End of file
